modules/expo-auto-bookkeeping/android/build/intermediates/manifest_merge_blame_file/debug/processDebugManifest/manifest-merger-blame-debug-report.txt
1<?xml version="1.0" encoding="utf-8"?>
2<manifest xmlns:android="http://schemas.android.com/apk/res/android"
3    package="expo.modules.autobookkeeping" >
4
5    <uses-sdk android:minSdkVersion="24" />
6
7    <application>
7-->src/main/AndroidManifest.xml:2:3-11:17
8        <service
8-->src/main/AndroidManifest.xml:3:5-10:15
9            android:name="expo.modules.autobookkeeping.NotificationListenerServiceImpl"
9-->src/main/AndroidManifest.xml:4:7-54
10            android:exported="false"
10-->src/main/AndroidManifest.xml:6:7-31
11            android:permission="android.permission.BIND_NOTIFICATION_LISTENER_SERVICE" >
11-->src/main/AndroidManifest.xml:5:7-81
12            <intent-filter>
12-->src/main/AndroidManifest.xml:7:7-9:23
13                <action android:name="android.service.notification.NotificationListenerService" />
13-->src/main/AndroidManifest.xml:8:9-91
13-->src/main/AndroidManifest.xml:8:17-88
14            </intent-filter>
15        </service>
16    </application>
17
18</manifest>